<?xml version="1.0" encoding="UTF-8"?>
<!-- Generated by org.testng.reporters.JUnitXMLReporter -->
<testsuite ignored="3" hostname="IN-4YZC5S3" failures="0" tests="1" name="Default test" time="47.633" errors="0" timestamp="2024-06-12T18:37:09 IST">
  <testcase classname="CartPageTest" name="updateCartCount" time="25.047"/>
  <testcase classname="CartPageTest" name="addToCartTest" time="0.0">
    <ignored/>
  </testcase> <!-- addToCartTest -->
  <testcase classname="CartPageTest" name="removeFromCartTest" time="0.0">
    <ignored/>
  </testcase> <!-- removeFromCartTest -->
  <testcase classname="CartPageTest" name="placeOrder" time="0.0">
    <ignored/>
  </testcase> <!-- placeOrder -->
</testsuite> <!-- Default test -->
