<?xml version="1.0" encoding="UTF-8"?>
<!-- Generated by org.testng.reporters.JUnitXMLReporter -->
<testsuite ignored="24" hostname="IN-4YZC5S3" failures="1" tests="2" name="Test" time="51.812" errors="0" timestamp="2024-06-13T12:49:57 IST">
  <testcase classname="HomePageTest" name="homePageLogo" time="0.058"/>
  <testcase classname="HomePageTest" name="homePageLogoFail" time="0.036">
    <failure type="java.lang.AssertionError" message="expected [Made to fail] but found [Online Shopping Site for Mobiles, Electronics, Furniture, Grocery, Lifestyle, Books &amp;amp; More. Best Offers!]">
      <![CDATA[java.lang.AssertionError: expected [Made to fail] but found [Online Shopping Site for Mobiles, Electronics, Furniture, Grocery, Lifestyle, Books & More. Best Offers!]
at HomePageTest.homePageLogoFail(HomePageTest.java:23)
at java.base/java.util.ArrayList.forEach(ArrayList.java:1511)
... Removed 31 stack frames]]>
    </failure>
  </testcase> <!-- homePageLogoFail -->
  <testcase classname="SearchPageTest" name="searchForProduct" time="0.0">
    <ignored/>
  </testcase> <!-- searchForProduct -->
  <testcase classname="SearchPageTest" name="filterByAmount" time="0.0">
    <ignored/>
  </testcase> <!-- filterByAmount -->
  <testcase classname="CartPageTest" name="addToCartTest" time="0.0">
    <ignored/>
  </testcase> <!-- addToCartTest -->
  <testcase classname="SearchPageTest" name="invalidSearch" time="0.0">
    <ignored/>
  </testcase> <!-- invalidSearch -->
  <testcase classname="ProductPageTest" name="validateProduct" time="0.0">
    <ignored/>
  </testcase> <!-- validateProduct -->
  <testcase classname="ProductPageTest" name="validateRatings" time="0.0">
    <ignored/>
  </testcase> <!-- validateRatings -->
  <testcase classname="CartPageTest" name="removeFromCartTest" time="0.0">
    <ignored/>
  </testcase> <!-- removeFromCartTest -->
  <testcase classname="HomePageTest" name="giftCardPage" time="0.0">
    <ignored/>
  </testcase> <!-- giftCardPage -->
  <testcase classname="SearchPageTest" name="checkPagination" time="0.0">
    <ignored/>
  </testcase> <!-- checkPagination -->
  <testcase classname="SearchPageTest" name="sortLowToHigh" time="0.0">
    <ignored/>
  </testcase> <!-- sortLowToHigh -->
  <testcase classname="pages.BasePage" name="@AfterSuite finishReport" time="0.0">
    <ignored/>
  </testcase> <!-- @AfterSuite finishReport -->
  <testcase classname="HomePageTest" name="checkMore" time="0.0">
    <ignored/>
  </testcase> <!-- checkMore -->
  <testcase classname="ProductPageTest" name="validateSpecification" time="0.0">
    <ignored/>
  </testcase> <!-- validateSpecification -->
  <testcase classname="CartPageTest" name="placeOrder" time="0.0">
    <ignored/>
  </testcase> <!-- placeOrder -->
  <testcase classname="pages.BasePage" name="@BeforeSuite setup" time="0.0">
    <ignored/>
  </testcase> <!-- @BeforeSuite setup -->
  <testcase classname="HomePageTest" name="login" time="0.0">
    <ignored/>
  </testcase> <!-- login -->
  <testcase classname="pages.BasePage" name="@AfterSuite finishReport" time="0.0">
    <ignored/>
  </testcase> <!-- @AfterSuite finishReport -->
  <testcase classname="CartPageTest" name="updateCartCount" time="0.0">
    <ignored/>
  </testcase> <!-- updateCartCount -->
  <testcase classname="HomePageTest" name="selectCategory" time="0.0">
    <ignored/>
  </testcase> <!-- selectCategory -->
  <testcase classname="SearchPageTest" name="filterByBrand" time="0.0">
    <ignored/>
  </testcase> <!-- filterByBrand -->
  <testcase classname="pages.BasePage" name="@BeforeSuite setup" time="0.0">
    <ignored/>
  </testcase> <!-- @BeforeSuite setup -->
  <testcase classname="pages.BasePage" name="@BeforeSuite setup" time="0.0">
    <ignored/>
  </testcase> <!-- @BeforeSuite setup -->
  <testcase classname="SearchPageTest" name="clearFilterTest" time="0.0">
    <ignored/>
  </testcase> <!-- clearFilterTest -->
  <testcase classname="pages.BasePage" name="@AfterSuite finishReport" time="0.0">
    <ignored/>
  </testcase> <!-- @AfterSuite finishReport -->
</testsuite> <!-- Test -->
