<?xml version="1.0" encoding="UTF-8"?>
<testsuite xmlns:xsi="http://www.w3.org/2001/XMLSchema-instance" xsi:noNamespaceSchemaLocation="https://maven.apache.org/surefire/maven-surefire-plugin/xsd/surefire-test-report-3.0.xsd" version="3.0" name="TestSuite" time="26.375" tests="1" errors="0" skipped="0" failures="0">
  <properties>
[...]
</properties>
  <testcase name="homePageLogo" classname="HomePageTest" time="0.024">
    <system-out><![CDATA[{validateProduct=false, sortLowToHigh=false, checkMore=false, placeOrder=false, invalidSearch=false, updateCartCount=false, filterByAmount=false, giftCardPage=false, removeFromCartTest=false, validateRatings=false, searchForProduct=false, login=false, validateSpecification=false, addToCartTest=false, homePageLogo=true, clearFilterTest=false, checkPagination=false, homePageLogoFail=false, filterByBrand=false, selectCategory=false}
]]></system-out>
    <system-err><![CDATA[SLF4J: Failed to load class "org.slf4j.impl.StaticLoggerBinder".
SLF4J: Defaulting to no-operation (NOP) logger implementation
SLF4J: See http://www.slf4j.org/codes.html#StaticLoggerBinder for further details.
Jun 12, 2024 7:30:52 PM org.openqa.selenium.devtools.CdpVersionFinder findNearestMatch
WARNING: Unable to find an exact match for CDP version 125, returning the closest version; found: 123; Please update to a Selenium version that supports CDP version 125
]]></system-err>
  </testcase>
</testsuite>