<?xml version="1.0" encoding="UTF-8"?>
<testng-results ignored="0" total="1" passed="1" failed="0" skipped="0">
  <reporter-output>
  </reporter-output>
  <suite started-at="2024-06-12T19:30:49 IST" name="Suite" finished-at="2024-06-12T19:31:12 IST" duration-ms="23793">
    <groups>
    </groups>
    <test started-at="2024-06-12T19:30:49 IST" name="Test" finished-at="2024-06-12T19:31:12 IST" duration-ms="23793">
      <class name="HomePageTest">
        <test-method is-config="true" signature="setup()[pri:0, instance:HomePageTest@537b32ef]" started-at="2024-06-12T19:30:48 IST" name="setup" finished-at="2024-06-12T19:30:49 IST" duration-ms="278" status="PASS">
          <reporter-output>
          </reporter-output>
        </test-method> <!-- setup -->
        <test-method is-config="true" signature="setup(java.lang.reflect.Method)[pri:0, instance:HomePageTest@537b32ef]" started-at="2024-06-12T19:30:49 IST" name="setup" finished-at="2024-06-12T19:31:12 IST" duration-ms="22907" status="PASS">
          <params>
            <param index="0">
              <value>
                <![CDATA[public void HomePageTest.homePageLogo()]]>
              </value>
            </param>
          </params>
          <reporter-output>
          </reporter-output>
        </test-method> <!-- setup -->
        <test-method signature="homePageLogo()[pri:0, instance:HomePageTest@537b32ef]" started-at="2024-06-12T19:31:12 IST" name="homePageLogo" finished-at="2024-06-12T19:31:12 IST" duration-ms="25" status="PASS">
          <reporter-output>
          </reporter-output>
        </test-method> <!-- homePageLogo -->
        <test-method is-config="true" signature="getResult(org.testng.ITestResult)[pri:0, instance:HomePageTest@537b32ef]" started-at="2024-06-12T19:31:12 IST" name="getResult" finished-at="2024-06-12T19:31:12 IST" duration-ms="829" status="PASS">
          <params>
            <param index="0">
              <value>
                <![CDATA[[TestResult name=homePageLogo status=SUCCESS method=HomePageTest.homePageLogo()[pri:0, instance:HomePageTest@537b32ef] output={null}]]]>
              </value>
            </param>
          </params>
          <reporter-output>
          </reporter-output>
        </test-method> <!-- getResult -->
        <test-method is-config="true" signature="finishReport()[pri:0, instance:HomePageTest@537b32ef]" started-at="2024-06-12T19:31:12 IST" name="finishReport" finished-at="2024-06-12T19:31:13 IST" duration-ms="339" status="PASS">
          <reporter-output>
          </reporter-output>
        </test-method> <!-- finishReport -->
      </class> <!-- HomePageTest -->
    </test> <!-- Test -->
  </suite> <!-- Suite -->
</testng-results>
