<?xml version="1.0" encoding="UTF-8"?>
<testng-results ignored="0" total="1" passed="1" failed="0" skipped="0">
  <reporter-output>
  </reporter-output>
  <suite started-at="2024-06-12T18:36:22 IST" name="Default suite" finished-at="2024-06-12T18:37:09 IST" duration-ms="47633">
    <groups>
    </groups>
    <test started-at="2024-06-12T18:36:22 IST" name="Default test" finished-at="2024-06-12T18:37:09 IST" duration-ms="47633">
      <class name="CartPageTest">
        <test-method is-config="true" signature="setup()[pri:0, instance:CartPageTest@18a3962d]" started-at="2024-06-12T18:36:21 IST" name="setup" finished-at="2024-06-12T18:36:22 IST" duration-ms="835" status="PASS">
          <reporter-output>
          </reporter-output>
        </test-method> <!-- setup -->
        <test-method is-config="true" signature="setup(java.lang.reflect.Method)[pri:0, instance:CartPageTest@18a3962d]" started-at="2024-06-12T18:36:22 IST" name="setup" finished-at="2024-06-12T18:36:43 IST" duration-ms="21709" status="PASS">
          <params>
            <param index="0">
              <value>
                <![CDATA[public void CartPageTest.updateCartCount()]]>
              </value>
            </param>
          </params>
          <reporter-output>
          </reporter-output>
        </test-method> <!-- setup -->
        <test-method signature="updateCartCount()[pri:0, instance:CartPageTest@18a3962d]" started-at="2024-06-12T18:36:43 IST" name="updateCartCount" finished-at="2024-06-12T18:37:08 IST" duration-ms="25047" status="PASS">
          <reporter-output>
          </reporter-output>
        </test-method> <!-- updateCartCount -->
        <test-method is-config="true" signature="getResult(org.testng.ITestResult)[pri:0, instance:CartPageTest@18a3962d]" started-at="2024-06-12T18:37:08 IST" name="getResult" finished-at="2024-06-12T18:37:09 IST" duration-ms="834" status="PASS">
          <params>
            <param index="0">
              <value>
                <![CDATA[[TestResult name=updateCartCount status=SUCCESS method=CartPageTest.updateCartCount()[pri:0, instance:CartPageTest@18a3962d] output={null}]]]>
              </value>
            </param>
          </params>
          <reporter-output>
          </reporter-output>
        </test-method> <!-- getResult -->
        <test-method is-config="true" signature="finishReport()[pri:0, instance:CartPageTest@18a3962d]" started-at="2024-06-12T18:37:09 IST" name="finishReport" finished-at="2024-06-12T18:37:10 IST" duration-ms="374" status="PASS">
          <reporter-output>
          </reporter-output>
        </test-method> <!-- finishReport -->
      </class> <!-- CartPageTest -->
    </test> <!-- Default test -->
  </suite> <!-- Default suite -->
</testng-results>
